<?xml version="1.0" encoding="UTF-8"?>
<!-- Generated by org.testng.reporters.JUnitReportReporter -->
<testsuite skipped="0" hostname="DESKTOP-VTURH4U" name="com.actitime.testscript.CustomerModule" tests="5" failures="0" timestamp="2021-10-12T17:16:19 IST" time="0.015" errors="0">
  <testcase name="modifyCustomer" time="0.008" classname="com.actitime.testscript.CustomerModule"/>
  <system-out>
    <![CDATA[modifycustomer]]>
  </system-out>
  <testcase name="deleteCustomer" time="0.002" classname="com.actitime.testscript.CustomerModule"/>
  <system-out>
    <![CDATA[deletecustomer]]>
  </system-out>
  <testcase name="createCustomer" time="0.002" classname="com.actitime.testscript.CustomerModule"/>
  <system-out>
    <![CDATA[createcustomer]]>
  </system-out>
  <testcase name="createCustomer" time="0.001" classname="com.actitime.testscript.CustomerModule"/>
  <system-out>
    <![CDATA[createcustomer]]>
  </system-out>
  <testcase name="createCustomer" time="0.002" classname="com.actitime.testscript.CustomerModule"/>
  <system-out>
    <![CDATA[createcustomer]]>
  </system-out>
</testsuite> <!-- com.actitime.testscript.CustomerModule -->
