<?xml version="1.0" encoding="UTF-8"?>
<!-- Generated by org.testng.reporters.JUnitReportReporter -->
<testsuite skipped="0" hostname="DESKTOP-VTURH4U" name="com.actitime.testscript.ProjectModule" tests="3" failures="0" timestamp="2021-10-12T17:16:19 IST" time="0.021" errors="0">
  <testcase name="modifyProject" time="0.002" classname="com.actitime.testscript.ProjectModule"/>
  <system-out>
    <![CDATA[modifyProject]]>
  </system-out>
  <testcase name="createProject" time="0.017" classname="com.actitime.testscript.ProjectModule"/>
  <system-out>
    <![CDATA[createProject]]>
  </system-out>
  <testcase name="deleteProject" time="0.002" classname="com.actitime.testscript.ProjectModule"/>
  <system-out>
    <![CDATA[deleteProject]]>
  </system-out>
</testsuite> <!-- com.actitime.testscript.ProjectModule -->
