<?xml version="1.0" encoding="UTF-8"?>
<!-- Generated by org.testng.reporters.JUnitReportReporter -->
<testsuite skipped="0" hostname="DESKTOP-VTURH4U" name="com.actitime.testscript.CustomerModuleRegionalRegTesting" tests="1" failures="0" timestamp="2021-10-11T17:50:09 IST" time="0.017" errors="0">
  <testcase name="createCustomer" time="0.017" classname="com.actitime.testscript.CustomerModuleRegionalRegTesting"/>
  <system-out>
    <![CDATA[createCustomer]]>
  </system-out>
</testsuite> <!-- com.actitime.testscript.CustomerModuleRegionalRegTesting -->
