<?xml version="1.0" encoding="UTF-8"?>
<!-- Generated by org.testng.reporters.JUnitReportReporter -->
<testsuite skipped="0" hostname="DESKTOP-VTURH4U" name="com.actitime.testscript.DemoGroupExecution" tests="3" failures="0" timestamp="2021-10-11T17:25:51 IST" time="77.463" errors="0">
  <testcase name="createCustomer" time="10.070" classname="com.actitime.testscript.DemoGroupExecution"/>
  <system-out>
    <![CDATA[createCustomer]]>
  </system-out>
  <testcase name="modifyCustomer" time="13.789" classname="com.actitime.testscript.DemoGroupExecution"/>
  <system-out>
    <![CDATA[modifyCustomer]]>
  </system-out>
  <testcase name="deleteCustomer" time="53.604" classname="com.actitime.testscript.DemoGroupExecution"/>
  <system-out>
    <![CDATA[deleteCustomer]]>
  </system-out>
</testsuite> <!-- com.actitime.testscript.DemoGroupExecution -->
