<?xml version="1.0" encoding="UTF-8"?>
<!-- Generated by org.testng.reporters.JUnitReportReporter -->
<testsuite skipped="0" hostname="DESKTOP-VTURH4U" name="com.actitime.testscript.Demo2" tests="4" failures="0" timestamp="2021-10-06T18:08:15 IST" time="0.032" errors="0">
  <testcase name="deleteCustomer" time="0.013" classname="com.actitime.testscript.Demo2"/>
  <system-out>
    <![CDATA[deleteCustomer]]>
  </system-out>
  <testcase name="registerCustomer" time="0.008" classname="com.actitime.testscript.Demo2"/>
  <system-out>
    <![CDATA[registerCustomer]]>
  </system-out>
  <testcase name="editCustomer" time="0.005" classname="com.actitime.testscript.Demo2"/>
  <system-out>
    <![CDATA[editCustomer]]>
  </system-out>
  <testcase name="editCustomer" time="0.006" classname="com.actitime.testscript.Demo2"/>
  <system-out>
    <![CDATA[editCustomer]]>
  </system-out>
</testsuite> <!-- com.actitime.testscript.Demo2 -->
