<?xml version="1.0" encoding="UTF-8"?>
<!-- Generated by org.testng.reporters.JUnitReportReporter -->
<testsuite skipped="0" hostname="DESKTOP-VTURH4U" name="com.actitime.testscript.TaskModule" tests="3" failures="0" timestamp="2021-10-12T17:16:19 IST" time="0.008" errors="0">
  <testcase name="modifyTask" time="0.002" classname="com.actitime.testscript.TaskModule"/>
  <system-out>
    <![CDATA[modifyTask]]>
  </system-out>
  <testcase name="createTask" time="0.002" classname="com.actitime.testscript.TaskModule"/>
  <system-out>
    <![CDATA[createTask]]>
  </system-out>
  <testcase name="deleteTask" time="0.004" classname="com.actitime.testscript.TaskModule"/>
  <system-out>
    <![CDATA[deleteTask]]>
  </system-out>
</testsuite> <!-- com.actitime.testscript.TaskModule -->
