<?xml version="1.0" encoding="UTF-8"?>
<!-- Generated by org.testng.reporters.JUnitReportReporter -->
<testsuite skipped="0" hostname="DESKTOP-VTURH4U" name="com.actitime.testscript.EnterUsername" tests="1" failures="0" timestamp="2021-10-13T18:06:29 IST" time="73.010" errors="0">
  <testcase name="testValidLogin" time="73.010" classname="com.actitime.testscript.EnterUsername"/>
  <system-out/>
</testsuite> <!-- com.actitime.testscript.EnterUsername -->
