<?xml version="1.0" encoding="UTF-8"?>
<!-- Generated by org.testng.reporters.JUnitReportReporter -->
<testsuite skipped="1" hostname="DESKTOP-VTURH4U" name="com.actitime.testscript.Demo1" tests="3" failures="0" timestamp="2021-10-05T17:21:34 IST" time="0.028" errors="0">
  <testcase name="deleteCustomer" time="0.002" classname="com.actitime.testscript.Demo1"/>
  <system-out>
    <![CDATA[deletecustomer]]>
  </system-out>
  <testcase name="modifyCustomer" time="0.026" classname="com.actitime.testscript.Demo1"/>
  <system-out>
    <![CDATA[modifycustomer]]>
  </system-out>
  <testcase name="createCustomer" classname="com.actitime.testscript.Demo1">
    <skipped/>
  </testcase> <!-- createCustomer -->
  <system-out/>
</testsuite> <!-- com.actitime.testscript.Demo1 -->
