<?xml version="1.0" encoding="UTF-8"?>
<!-- Generated by org.testng.reporters.JUnitReportReporter -->
<testsuite skipped="0" hostname="DESKTOP-VTURH4U" name="qsp.TestClassPOM" tests="1" failures="0" timestamp="2021-10-14T18:37:03 IST" time="25.442" errors="0">
  <testcase name="validLogin" time="25.442" classname="qsp.TestClassPOM"/>
  <system-out/>
</testsuite> <!-- qsp.TestClassPOM -->
