<?xml version="1.0" encoding="UTF-8"?>
<!-- Generated by org.testng.reporters.JUnitReportReporter -->
<testsuite skipped="0" hostname="DESKTOP-VTURH4U" name="com.actitime.testscript.Demo" tests="1" failures="0" timestamp="2021-10-05T17:57:23 IST" time="0.004" errors="0">
  <testcase name="testdemo" time="0.004" classname="com.actitime.testscript.Demo"/>
  <system-out>
    <![CDATA[welcome to testng]]>
  </system-out>
</testsuite> <!-- com.actitime.testscript.Demo -->
