<?xml version="1.0" encoding="UTF-8"?>
<!-- Generated by org.testng.reporters.JUnitReportReporter -->
<testsuite skipped="0" hostname="DESKTOP-VTURH4U" name="com.actitime.testscript.RunTimePolymorphism" tests="1" failures="0" timestamp="2021-10-11T18:16:34 IST" time="27.226" errors="0">
  <testcase name="testRuntime" time="27.226" classname="com.actitime.testscript.RunTimePolymorphism"/>
  <system-out/>
</testsuite> <!-- com.actitime.testscript.RunTimePolymorphism -->
