<?xml version="1.0" encoding="UTF-8"?>
<!-- Generated by org.testng.reporters.JUnitReportReporter -->
<testsuite skipped="0" hostname="DESKTOP-VTURH4U" name="com.actitime.testscript.Screenshot" tests="1" failures="0" timestamp="2021-10-08T17:54:14 IST" time="14.270" errors="0">
  <testcase name="testScreenshot" time="14.270" classname="com.actitime.testscript.Screenshot"/>
  <system-out/>
</testsuite> <!-- com.actitime.testscript.Screenshot -->
